  Attackobj.cpp
  BoxCollider2D.cpp
  Bullet.cpp
  Cameracollider.cpp
  CGrenadei.cpp
  Collider2D.cpp
  CollisionMgr.cpp
  Component.cpp
  Core.cpp
  Enemy.cpp
  Enemycollider.cpp
  EventMgr.cpp
D:\Win32Api_Metalslug\EventMgr.cpp(14,89): warning C4834: 'nodiscard' 특성이 포함된 함수의 반환 값을 버리는 중
  Finalboss.cpp
  Food.cpp
  GameScene.cpp
  Grenade.cpp
  Heavymachinegun.cpp
  Item.cpp
  KeyMgr.cpp
  GroundCollider.cpp
  컴파일하고 있습니다...
  LineCollider2D.cpp
  Liquid.cpp
  Main.cpp
  Mapcollider.cpp
  Middleboss.cpp
  Moveobj.cpp
  Npc.cpp
  Object.cpp
  ObjectMgr.cpp
  Player.cpp
  Prisoner.cpp
  Projectile.cpp
  Rebel.cpp
  Res.cpp
  Rigidbody2D.cpp
  Scene.cpp
  SceneMgr.cpp
  SelectGDI.cpp
  Texture.cpp
  TimeMgr.cpp
  컴파일하고 있습니다...
  ToolScene.cpp
  Transform2D.cpp
  Weapon.cpp
  Zombie.cpp
  코드를 생성하고 있습니다.
  Previous IPDB not found, fall back to full compilation.
  All 737 functions were compiled because no usable IPDB/IOBJ from previous compilation was found.
  코드를 생성했습니다.
  Win32Api_MetalSlug.vcxproj -> D:\Win32Api_Metalslug\Output\bin\Win32Api_MetalSlug.exe
