  Attackobj.cpp
  BoxCollider2D.cpp
  Collider2D.cpp
  Component.cpp
  Enemy.cpp
  Enemycollider.cpp
  EventMgr.cpp
C:\Users\chanjun\Documents\Win32Api_Metalslug\EventMgr.cpp(14,89): warning C4834: 'nodiscard' 특성이 포함된 함수의 반환 값을 버리는 중
  GameScene.cpp
  Heavymachinegun.cpp
  Item.cpp
  KeyMgr.cpp
  Liquid.cpp
  Main.cpp
  Middleboss.cpp
  Moveobj.cpp
  Npc.cpp
  Object.cpp
  ObjectMgr.cpp
  Player.cpp
  Prisoner.cpp
  코드를 생성하고 있습니다...
  컴파일하고 있습니다...
  Projectile.cpp
  Rebel.cpp
  Rigidbody2D.cpp
  Scene.cpp
  SceneMgr.cpp
  SelectGDI.cpp
  TimeMgr.cpp
  ToolScene.cpp
  Transform2D.cpp
  Weapon.cpp
  Zombie.cpp
  코드를 생성하고 있습니다...
  Win32Api_MetalSlug.vcxproj -> C:\Users\chanjun\Documents\Win32Api_Metalslug\Debug\Win32Api_MetalSlug.exe
