d:\win32api_metalslug\x64\debug\vc142.pdb
d:\win32api_metalslug\x64\debug\vc142.idb
d:\win32api_metalslug\x64\debug\mapline.obj
d:\win32api_metalslug\x64\debug\camera.obj
d:\win32api_metalslug\x64\debug\zombie.obj
d:\win32api_metalslug\x64\debug\timemgr.obj
d:\win32api_metalslug\x64\debug\selectgdi.obj
d:\win32api_metalslug\x64\debug\main.obj
d:\win32api_metalslug\x64\debug\liquid.obj
d:\win32api_metalslug\x64\debug\attackobj.obj
d:\win32api_metalslug\x64\debug\weapon.obj
d:\win32api_metalslug\x64\debug\transform2d.obj
d:\win32api_metalslug\x64\debug\toolscene.obj
d:\win32api_metalslug\x64\debug\stage.obj
d:\win32api_metalslug\x64\debug\core.obj
d:\win32api_metalslug\x64\debug\linemgr.obj
d:\win32api_metalslug\x64\debug\item.obj
d:\win32api_metalslug\x64\debug\inputmgr.obj
d:\win32api_metalslug\x64\debug\heavymachinegun.obj
d:\win32api_metalslug\x64\debug\grenade.obj
d:\win32api_metalslug\x64\debug\gamescene.obj
d:\win32api_metalslug\x64\debug\food.obj
d:\win32api_metalslug\x64\debug\finalboss.obj
d:\win32api_metalslug\x64\debug\eventmgr.obj
d:\win32api_metalslug\x64\debug\enemy.obj
d:\win32api_metalslug\x64\debug\component.obj
d:\win32api_metalslug\x64\debug\collisionmgr.obj
d:\win32api_metalslug\x64\debug\collider2d.obj
d:\win32api_metalslug\x64\debug\cgrenadei.obj
d:\win32api_metalslug\x64\debug\bullet.obj
d:\win32api_metalslug\x64\debug\boxcollider2d.obj
d:\win32api_metalslug\x64\debug\scenemgr.obj
d:\win32api_metalslug\x64\debug\scene.obj
d:\win32api_metalslug\x64\debug\rigidbody2d.obj
d:\win32api_metalslug\x64\debug\resmgr.obj
d:\win32api_metalslug\x64\debug\res.obj
d:\win32api_metalslug\x64\debug\rebel.obj
d:\win32api_metalslug\x64\debug\projectile.obj
d:\win32api_metalslug\x64\debug\prisoner.obj
d:\win32api_metalslug\x64\debug\player.obj
d:\win32api_metalslug\x64\debug\pathmgr.obj
d:\win32api_metalslug\x64\debug\objectmgr.obj
d:\win32api_metalslug\x64\debug\object.obj
d:\win32api_metalslug\x64\debug\npc.obj
d:\win32api_metalslug\x64\debug\moveobj.obj
d:\win32api_metalslug\x64\debug\middleboss.obj
d:\win32api_metalslug\x64\debug\mapobjmgr.obj
d:\win32api_metalslug\x64\debug\mapcollider.obj
d:\win32api_metalslug\x64\debug\texture.obj
d:\win32api_metalslug\x64\debug\win32api_metalslug.ilk
d:\win32api_metalslug\output\bin_debug\win32api_metalslug.exe
d:\win32api_metalslug\output\bin_debug\win32api_metalslug.pdb
d:\win32api_metalslug\x64\debug\win32api_metalslug.res
d:\win32api_metalslug\x64\debug\cameracollider.obj
d:\win32api_metalslug\x64\debug\enemycollider.obj
d:\win32api_metalslug\x64\debug\groundcollider.obj
d:\win32api_metalslug\x64\debug\keymgr.obj
d:\win32api_metalslug\x64\debug\line.obj
d:\win32api_metalslug\x64\debug\linecollider2d.obj
d:\win32api_metalslug\x64\debug\player.obj.enc
d:\win32api_metalslug\x64\debug\win32api.15a5ad54.tlog\cl.command.1.tlog
d:\win32api_metalslug\x64\debug\win32api.15a5ad54.tlog\cl.read.1.tlog
d:\win32api_metalslug\x64\debug\win32api.15a5ad54.tlog\cl.write.1.tlog
d:\win32api_metalslug\x64\debug\win32api.15a5ad54.tlog\link.command.1.tlog
d:\win32api_metalslug\x64\debug\win32api.15a5ad54.tlog\link.read.1.tlog
d:\win32api_metalslug\x64\debug\win32api.15a5ad54.tlog\link.write.1.tlog
d:\win32api_metalslug\x64\debug\win32api.15a5ad54.tlog\rc.command.1.tlog
d:\win32api_metalslug\x64\debug\win32api.15a5ad54.tlog\rc.read.1.tlog
d:\win32api_metalslug\x64\debug\win32api.15a5ad54.tlog\rc.write.1.tlog
